<?xml version="1.0" encoding="UTF-8"?>
<testsuite xmlns:xsi="http://www.w3.org/2001/XMLSchema-instance" xsi:noNamespaceSchemaLocation="https://maven.apache.org/surefire/maven-surefire-plugin/xsd/surefire-test-report-3.0.xsd" version="3.0" name="practice.installTest" time="1.885" tests="1" errors="0" skipped="0" failures="0">
  <properties>
[...]
</properties>
  <testcase name="testRoutes" classname="practice.installTest" time="1.7">
    <system-out><![CDATA[[                          main] installTest                    INFO  *******************************************************************
[                          main] installTest                    INFO  Test: testRoutes
[                          main] installTest                    INFO  *******************************************************************
[                          main] install                        DEBUG Added 12 initial properties
[                          main] install                        DEBUG Configuring practice.install
[                          main] install                        DEBUG Skipped field COMPONENT_LABEL
[                          main] install                        DEBUG Skipped field COMPONENT_DESCRIPTION
[                          main] install                        DEBUG Skipped field COMPONENT_LABEL
[                          main] install                        DEBUG Skipped field COMPONENT_DESCRIPTION
[                          main] install                        DEBUG Skipped field START_DELAY
[                          main] install                        DEBUG Skipped field PROPERTY_PREFIX
[                          main] install                        DEBUG Skipped field START_DELAY
[                          main] install                        DEBUG Skipped field PROPERTY_PREFIX
[                          main] install                        DEBUG Skipped field log
[                          main] install                        DEBUG Skipped field context
[                          main] install                        DEBUG Skipped field registry
[                          main] install                        DEBUG Configured field camelContextId with value zomato
[                          main] install                        DEBUG Configured field active with value true
[                          main] install                        DEBUG Skipped field executor
[                          main] install                        DEBUG Skipped field starter
[                          main] install                        DEBUG Skipped field activated
[                          main] install                        DEBUG Skipped field started
[                          main] install                        DEBUG Configuring practice.internal.installRoute
[                          main] install                        DEBUG Skipped field registry
[                          main] install                        DEBUG Configured field camelRouteId with value foo/timer-log
[                          main] install                        DEBUG Configured field maximumRedeliveries with value 0
[                          main] install                        DEBUG Configured field redeliveryDelay with value 5000
[                          main] install                        DEBUG Configured field backOffMultiplier with value 2
[                          main] install                        DEBUG Configured field maximumRedeliveryDelay with value 60000
[                          main] DefaultTypeConverter           INFO  Loaded 182 type converters
[                          main] AdviceWithTasks                INFO  AdviceWith replace input from [timer:foo?period=5000] --> [direct:start]
[                          main] RouteDefinition                INFO  AdviceWith route after: Route(foo/timer-log)[[From[direct:start]] -> [onCompletion[[To[direct:processCompletion]]], RemoveHeaders[CamelHttp*], To[{{to}}]]]
[                          main] DefaultCamelContext            INFO  Apache Camel 2.15.0 (CamelContext: zomato) is starting
[                          main] DefaultCamelContext            INFO  MDC logging is enabled on CamelContext: zomato
[                          main] DefaultManagementStrategy      INFO  JMX is disabled
[                          main] ceptSendToMockEndpointStrategy INFO  Adviced endpoint [log://foo?showHeaders=true] with mock endpoint [mock:log:foo]
[                          main] DefaultCamelContext            INFO  AllowUseOriginalMessage is enabled. If access to the original message is not needed, then its recommended to turn this option off as it may improve performance.
[                          main] DefaultCamelContext            INFO  StreamCaching is not in use. If using streams then its recommended to enable stream caching. See more details at http://camel.apache.org/stream-caching.html
[                          main] DefaultCamelContext            INFO  Route: foo/timer-log.completion started and consuming from: Endpoint[direct://processCompletion]
[                          main] DefaultCamelContext            INFO  Route: foo/timer-log started and consuming from: Endpoint[direct://start]
[                          main] DefaultCamelContext            INFO  Total 2 routes, of which 2 is started.
[                          main] DefaultCamelContext            INFO  Apache Camel 2.15.0 (CamelContext: zomato) started in 0.221 seconds
[                          main] foo                            INFO  Exchange[ExchangePattern: InOnly, Headers: {breadcrumbId=ID-DESKTOP-I34MJDM-4072-1624480570943-0-1, CamelInterceptedEndpoint=log://foo?showHeaders=true}, BodyType: String, Body: hello]
[                          main] completion                     INFO  Success: timer:foo?period=5000 -> log:foo?showHeaders=true
[                          main] MockEndpoint                   INFO  Asserting: Endpoint[mock://log:foo] is satisfied
[                          main] DefaultCamelContext            INFO  Apache Camel 2.15.0 (CamelContext: zomato) is shutting down
[                          main] DefaultShutdownStrategy        INFO  Starting to graceful shutdown 2 routes (timeout 300 seconds)
[mato) thread #0 - ShutdownTask] DefaultShutdownStrategy        INFO  Route: foo/timer-log shutdown complete, was consuming from: Endpoint[direct://start]
[mato) thread #0 - ShutdownTask] DefaultShutdownStrategy        INFO  Route: foo/timer-log.completion shutdown complete, was consuming from: Endpoint[direct://processCompletion]
[                          main] DefaultShutdownStrategy        INFO  Graceful shutdown of 2 routes completed in 0 seconds
[                          main] DefaultCamelContext            INFO  Apache Camel 2.15.0 (CamelContext: zomato) uptime 0.257 seconds
[                          main] DefaultCamelContext            INFO  Apache Camel 2.15.0 (CamelContext: zomato) is shutdown in 0.007 seconds
]]></system-out>
  </testcase>
</testsuite>